TN:
SF:src/mod/filterMapAddReduce.ts
FN:11,(anonymous_0)
FN:20,(anonymous_1)
FNF:2
FNH:2
FNDA:8,(anonymous_0)
FNDA:2,(anonymous_1)
DA:1,1
DA:6,1
DA:12,8
DA:21,2
DA:23,2
DA:24,10
DA:27,2
LF:7
LH:7
BRF:0
BRH:0
end_of_record
TN:
SF:src/mod/filterMapSubReduce.ts
FN:11,(anonymous_0)
FN:20,(anonymous_1)
FNF:2
FNH:2
FNDA:8,(anonymous_0)
FNDA:2,(anonymous_1)
DA:1,1
DA:6,1
DA:12,8
DA:21,2
DA:23,2
DA:24,10
DA:27,2
LF:7
LH:7
BRF:0
BRH:0
end_of_record
TN:
SF:src/mod/numberAlgorithm.ts
FN:9,(anonymous_0)
FN:19,(anonymous_1)
FN:34,(anonymous_2)
FN:43,(anonymous_3)
FN:46,(anonymous_4)
FN:60,(anonymous_5)
FN:63,(anonymous_6)
FNF:7
FNH:6
FNDA:16,(anonymous_0)
FNDA:0,(anonymous_1)
FNDA:48,(anonymous_2)
FNDA:4,(anonymous_3)
FNDA:20,(anonymous_4)
FNDA:4,(anonymous_5)
FNDA:20,(anonymous_6)
DA:4,1
DA:9,16
DA:20,0
DA:21,0
DA:23,0
DA:24,0
DA:26,0
DA:27,0
DA:35,48
DA:44,4
DA:46,4
DA:47,20
DA:48,8
DA:52,4
DA:61,4
DA:63,4
DA:64,20
DA:67,4
LF:18
LH:12
BRDA:47,0,0,8
BRDA:47,0,1,12
BRF:2
BRH:2
end_of_record
